{"contracts/BasicNft.sol":{"l":{"11":3,"15":2,"16":2,"17":2,"21":2,"24":1},"path":"/home/vishnu/SmartContract/hardhat-nft/contracts/BasicNft.sol","s":{"1":3,"2":2,"3":2,"4":2,"5":2,"6":1},"b":{},"f":{"1":3,"2":2,"3":2,"4":1},"fnMap":{"1":{"name":"constructor","line":10,"loc":{"start":{"line":10,"column":4},"end":{"line":12,"column":4}}},"2":{"name":"mintNft","line":14,"loc":{"start":{"line":14,"column":4},"end":{"line":18,"column":4}}},"3":{"name":"getTokenCounter","line":20,"loc":{"start":{"line":20,"column":4},"end":{"line":22,"column":4}}},"4":{"name":"tokenURI","line":23,"loc":{"start":{"line":23,"column":4},"end":{"line":25,"column":4}}}},"statementMap":{"1":{"start":{"line":11,"column":8},"end":{"line":11,"column":25}},"2":{"start":{"line":15,"column":8},"end":{"line":15,"column":43}},"3":{"start":{"line":16,"column":8},"end":{"line":16,"column":25}},"4":{"start":{"line":17,"column":8},"end":{"line":17,"column":29}},"5":{"start":{"line":21,"column":8},"end":{"line":21,"column":29}},"6":{"start":{"line":24,"column":8},"end":{"line":24,"column":24}}},"branchMap":{}},"contracts/RandomIpfsNft.sol":{"l":{"53":3,"54":3,"55":3,"56":3,"57":3,"58":3,"59":3,"63":4,"64":2,"66":2,"74":2,"75":2,"79":1,"80":1,"81":1,"82":1,"83":1,"84":1,"85":1,"86":1,"90":5,"94":3,"95":0,"97":3,"98":3,"102":5,"103":5,"104":5,"108":12,"109":4,"111":8,"113":1,"117":0,"118":0,"119":0,"120":0,"125":3,"129":1,"133":1,"137":1},"path":"/home/vishnu/SmartContract/hardhat-nft/contracts/RandomIpfsNft.sol","s":{"1":3,"2":3,"3":3,"4":3,"5":3,"6":3,"7":3,"8":4,"9":2,"10":2,"11":2,"12":1,"13":1,"14":1,"15":1,"16":1,"17":1,"18":1,"19":1,"20":5,"21":3,"22":3,"23":3,"24":5,"25":5,"26":5,"27":12,"28":4,"29":8,"30":0,"31":0,"32":0,"33":3,"34":1,"35":1,"36":1},"b":{"1":[2,2],"2":[0,3],"3":[4,8],"4":[0,0]},"f":{"1":3,"2":4,"3":1,"4":5,"5":3,"6":5,"7":0,"8":3,"9":1,"10":1,"11":1},"fnMap":{"1":{"name":"constructor","line":52,"loc":{"start":{"line":45,"column":4},"end":{"line":60,"column":4}}},"2":{"name":"requestNft","line":62,"loc":{"start":{"line":62,"column":4},"end":{"line":76,"column":4}}},"3":{"name":"fulfillRandomWords","line":78,"loc":{"start":{"line":78,"column":4},"end":{"line":87,"column":4}}},"4":{"name":"getChanceArray","line":89,"loc":{"start":{"line":89,"column":4},"end":{"line":91,"column":4}}},"5":{"name":"_initializeContract","line":93,"loc":{"start":{"line":93,"column":4},"end":{"line":99,"column":4}}},"6":{"name":"getBreedFromModdedRng","line":101,"loc":{"start":{"line":101,"column":4},"end":{"line":114,"column":4}}},"7":{"name":"withdraw","line":116,"loc":{"start":{"line":116,"column":4},"end":{"line":122,"column":4}}},"8":{"name":"getMintFee","line":124,"loc":{"start":{"line":124,"column":4},"end":{"line":126,"column":4}}},"9":{"name":"getDogTokenUris","line":128,"loc":{"start":{"line":128,"column":4},"end":{"line":130,"column":4}}},"10":{"name":"getInitialized","line":132,"loc":{"start":{"line":132,"column":4},"end":{"line":134,"column":4}}},"11":{"name":"getTokenCounter","line":136,"loc":{"start":{"line":136,"column":4},"end":{"line":138,"column":4}}}},"statementMap":{"1":{"start":{"line":53,"column":8},"end":{"line":53,"column":69}},"2":{"start":{"line":54,"column":8},"end":{"line":54,"column":26}},"3":{"start":{"line":55,"column":8},"end":{"line":55,"column":40}},"4":{"start":{"line":56,"column":8},"end":{"line":56,"column":26}},"5":{"start":{"line":57,"column":8},"end":{"line":57,"column":44}},"6":{"start":{"line":58,"column":8},"end":{"line":58,"column":40}},"7":{"start":{"line":59,"column":8},"end":{"line":59,"column":25}},"8":{"start":{"line":63,"column":8},"end":{"line":63,"column":2136}},"9":{"start":{"line":66,"column":8},"end":{"line":66,"column":2236}},"10":{"start":{"line":74,"column":8},"end":{"line":74,"column":50}},"11":{"start":{"line":75,"column":8},"end":{"line":75,"column":48}},"12":{"start":{"line":79,"column":8},"end":{"line":79,"column":57}},"13":{"start":{"line":80,"column":8},"end":{"line":80,"column":42}},"14":{"start":{"line":81,"column":8},"end":{"line":81,"column":42}},"15":{"start":{"line":82,"column":8},"end":{"line":82,"column":61}},"16":{"start":{"line":83,"column":8},"end":{"line":83,"column":57}},"17":{"start":{"line":84,"column":8},"end":{"line":84,"column":37}},"18":{"start":{"line":85,"column":8},"end":{"line":85,"column":65}},"19":{"start":{"line":86,"column":8},"end":{"line":86,"column":42}},"20":{"start":{"line":90,"column":8},"end":{"line":90,"column":41}},"21":{"start":{"line":94,"column":8},"end":{"line":94,"column":3283}},"22":{"start":{"line":97,"column":8},"end":{"line":97,"column":36}},"23":{"start":{"line":98,"column":8},"end":{"line":98,"column":27}},"24":{"start":{"line":102,"column":8},"end":{"line":102,"column":33}},"25":{"start":{"line":103,"column":8},"end":{"line":103,"column":56}},"26":{"start":{"line":104,"column":8},"end":{"line":104,"column":3631}},"27":{"start":{"line":108,"column":12},"end":{"line":108,"column":3829}},"28":{"start":{"line":109,"column":16},"end":{"line":109,"column":31}},"29":{"start":{"line":111,"column":12},"end":{"line":111,"column":41}},"30":{"start":{"line":117,"column":8},"end":{"line":117,"column":46}},"31":{"start":{"line":118,"column":8},"end":{"line":118,"column":70}},"32":{"start":{"line":119,"column":8},"end":{"line":119,"column":4218}},"33":{"start":{"line":125,"column":8},"end":{"line":125,"column":24}},"34":{"start":{"line":129,"column":8},"end":{"line":129,"column":36}},"35":{"start":{"line":133,"column":8},"end":{"line":133,"column":28}},"36":{"start":{"line":137,"column":8},"end":{"line":137,"column":29}}},"branchMap":{"1":{"line":63,"type":"if","locations":[{"start":{"line":63,"column":8},"end":{"line":63,"column":8}},{"start":{"line":63,"column":8},"end":{"line":63,"column":8}}]},"2":{"line":94,"type":"if","locations":[{"start":{"line":94,"column":8},"end":{"line":94,"column":8}},{"start":{"line":94,"column":8},"end":{"line":94,"column":8}}]},"3":{"line":108,"type":"if","locations":[{"start":{"line":108,"column":12},"end":{"line":108,"column":12}},{"start":{"line":108,"column":12},"end":{"line":108,"column":12}}]},"4":{"line":119,"type":"if","locations":[{"start":{"line":119,"column":8},"end":{"line":119,"column":8}},{"start":{"line":119,"column":8},"end":{"line":119,"column":8}}]}}},"contracts/test/VRFCoordinatorV2Mock.sol":{"l":{},"path":"/home/vishnu/SmartContract/hardhat-nft/contracts/test/VRFCoordinatorV2Mock.sol","s":{},"b":{},"f":{},"fnMap":{},"statementMap":{},"branchMap":{}}}