TN:
SF:/home/vishnu/SmartContract/hardhat-nft/contracts/BasicNft.sol
FN:10,constructor
FN:14,mintNft
FN:20,getTokenCounter
FN:23,tokenURI
FNF:4
FNH:4
FNDA:3,constructor
FNDA:2,mintNft
FNDA:2,getTokenCounter
FNDA:1,tokenURI
DA:11,3
DA:15,2
DA:16,2
DA:17,2
DA:21,2
DA:24,1
LF:6
LH:6
BRF:0
BRH:0
end_of_record
TN:
SF:/home/vishnu/SmartContract/hardhat-nft/contracts/DynamicSvgNft.sol
FN:19,constructor
FN:28,svgToImageURI
FN:37,mintNft
FN:44,_baseURI
FN:48,tokenURI
FNF:5
FNH:0
FNDA:0,constructor
FNDA:0,svgToImageURI
FNDA:0,mintNft
FNDA:0,_baseURI
FNDA:0,tokenURI
DA:20,0
DA:21,0
DA:23,0
DA:24,0
DA:33,0
DA:34,0
DA:38,0
DA:40,0
DA:41,0
DA:42,0
DA:45,0
DA:49,0
DA:50,0
DA:51,0
DA:52,0
DA:54,0
DA:62,0
LF:17
LH:0
BRDA:49,1,0,0
BRDA:49,1,1,0
BRDA:52,2,0,0
BRDA:52,2,1,0
BRF:4
BRH:0
end_of_record
TN:
SF:/home/vishnu/SmartContract/hardhat-nft/contracts/RandomIpfsNft.sol
FN:52,constructor
FN:62,requestNft
FN:78,fulfillRandomWords
FN:89,getChanceArray
FN:93,_initializeContract
FN:101,getBreedFromModdedRng
FN:116,withdraw
FN:124,getMintFee
FN:128,getDogTokenUris
FN:132,getInitialized
FN:136,getTokenCounter
FNF:11
FNH:10
FNDA:3,constructor
FNDA:4,requestNft
FNDA:1,fulfillRandomWords
FNDA:5,getChanceArray
FNDA:3,_initializeContract
FNDA:5,getBreedFromModdedRng
FNDA:0,withdraw
FNDA:3,getMintFee
FNDA:1,getDogTokenUris
FNDA:1,getInitialized
FNDA:1,getTokenCounter
DA:53,3
DA:54,3
DA:55,3
DA:56,3
DA:57,3
DA:58,3
DA:59,3
DA:63,4
DA:64,2
DA:66,2
DA:74,2
DA:75,2
DA:79,1
DA:80,1
DA:81,1
DA:82,1
DA:83,1
DA:84,1
DA:85,1
DA:86,1
DA:90,5
DA:94,3
DA:95,0
DA:97,3
DA:98,3
DA:102,5
DA:103,5
DA:104,5
DA:108,12
DA:109,4
DA:111,8
DA:113,1
DA:117,0
DA:118,0
DA:119,0
DA:120,0
DA:125,3
DA:129,1
DA:133,1
DA:137,1
LF:40
LH:35
BRDA:63,1,0,2
BRDA:63,1,1,2
BRDA:94,2,0,0
BRDA:94,2,1,3
BRDA:108,3,0,4
BRDA:108,3,1,8
BRDA:119,4,0,0
BRDA:119,4,1,0
BRF:8
BRH:5
end_of_record
TN:
SF:/home/vishnu/SmartContract/hardhat-nft/contracts/test/MockV3Aggregator.sol
FNF:0
FNH:0
LF:0
LH:0
BRF:0
BRH:0
end_of_record
TN:
SF:/home/vishnu/SmartContract/hardhat-nft/contracts/test/VRFCoordinatorV2Mock.sol
FNF:0
FNH:0
LF:0
LH:0
BRF:0
BRH:0
end_of_record
